# JRE version: Java(TM) SE Runtime Environment (8.0_181-b13) (build 1.8.0_181-b13)
# Java VM: Java HotSpot(TM) 64-Bit Server VM (25.181-b13 mixed mode windows-amd64 compressed oops)
Heap:
 PSYoungGen      total 1536K, used 1024K [0x00000000ffd00000, 0x0000000100000000, 0x0000000100000000)
  eden space 1024K, 100% used [0x00000000ffd00000,0x00000000ffe00000,0x00000000ffe00000)
  from space 512K, 0% used [0x00000000fff80000,0x00000000fff80000,0x0000000100000000)
  to   space 1024K, 0% used [0x00000000ffe00000,0x00000000ffe00000,0x00000000fff00000)
 ParOldGen       total 7168K, used 6832K [0x00000000ff600000, 0x00000000ffd00000, 0x00000000ffd00000)
  object space 7168K, 95% used [0x00000000ff600000,0x00000000ffcac2b0,0x00000000ffd00000)
 Metaspace       used 12934K, capacity 13232K, committed 13440K, reserved 1060864K
  class space    used 1523K, capacity 1614K, committed 1664K, reserved 1048576K
GC Heap History (10 events):
Event: 4.361 GC heap before
{Heap before GC invocations=115 (full 109):
 PSYoungGen      total 1536K, used 1024K [0x00000000ffd00000, 0x0000000100000000, 0x0000000100000000)
  eden space 1024K, 100% used [0x00000000ffd00000,0x00000000ffe00000,0x00000000ffe00000)
  from space 512K, 0% used [0x00000000fff80000,0x00000000fff80000,0x0000000100000000)
  to   space 1024K, 0% used [0x00000000ffe00000,0x00000000ffe00000,0x00000000fff00000)
 ParOldGen       total 7168K, used 6835K [0x00000000ff600000, 0x00000000ffd00000, 0x00000000ffd00000)
  object space 7168K, 95% used [0x00000000ff600000,0x00000000ffcacf50,0x00000000ffd00000)
 Metaspace       used 12933K, capacity 13232K, committed 13440K, reserved 1060864K
  class space    used 1523K, capacity 1614K, committed 1664K, reserved 1048576K
Event: 4.390 GC heap after
Heap after GC invocations=115 (full 109):
 PSYoungGen      total 1536K, used 1022K [0x00000000ffd00000, 0x0000000100000000, 0x0000000100000000)
  eden space 1024K, 99% used [0x00000000ffd00000,0x00000000ffdffac0,0x00000000ffe00000)
  from space 512K, 0% used [0x00000000fff80000,0x00000000fff80000,0x0000000100000000)
  to   space 1024K, 0% used [0x00000000ffe00000,0x00000000ffe00000,0x00000000fff00000)
 ParOldGen       total 7168K, used 6832K [0x00000000ff600000, 0x00000000ffd00000, 0x00000000ffd00000)
  object space 7168K, 95% used [0x00000000ff600000,0x00000000ffcac2e8,0x00000000ffd00000)
 Metaspace       used 12933K, capacity 13232K, committed 13440K, reserved 1060864K
  class space    used 1523K, capacity 1614K, committed 1664K, reserved 1048576K
}
Event: 4.392 GC heap before
{Heap before GC invocations=116 (full 110):
 PSYoungGen      total 1536K, used 1024K [0x00000000ffd00000, 0x0000000100000000, 0x0000000100000000)
  eden space 1024K, 100% used [0x00000000ffd00000,0x00000000ffe00000,0x00000000ffe00000)
  from space 512K, 0% used [0x00000000fff80000,0x00000000fff80000,0x0000000100000000)
  to   space 1024K, 0% used [0x00000000ffe00000,0x00000000ffe00000,0x00000000fff00000)
 ParOldGen       total 7168K, used 6832K [0x00000000ff600000, 0x00000000ffd00000, 0x00000000ffd00000)
  object space 7168K, 95% used [0x00000000ff600000,0x00000000ffcac2e8,0x00000000ffd00000)
 Metaspace       used 12934K, capacity 13232K, committed 13440K, reserved 1060864K
  class space    used 1523K, capacity 1614K, committed 1664K, reserved 1048576K
Event: 4.431 GC heap after
Heap after GC invocations=116 (full 110):
 PSYoungGen      total 1536K, used 1022K [0x00000000ffd00000, 0x0000000100000000, 0x0000000100000000)
  eden space 1024K, 99% used [0x00000000ffd00000,0x00000000ffdffb28,0x00000000ffe00000)
  from space 512K, 0% used [0x00000000fff80000,0x00000000fff80000,0x0000000100000000)
  to   space 1024K, 0% used [0x00000000ffe00000,0x00000000ffe00000,0x00000000fff00000)
 ParOldGen       total 7168K, used 6832K [0x00000000ff600000, 0x00000000ffd00000, 0x00000000ffd00000)
  object space 7168K, 95% used [0x00000000ff600000,0x00000000ffcac2e8,0x00000000ffd00000)
 Metaspace       used 12934K, capacity 13232K, committed 13440K, reserved 1060864K
  class space    used 1523K, capacity 1614K, committed 1664K, reserved 1048576K
}
Event: 4.431 GC heap before
{Heap before GC invocations=117 (full 111):
 PSYoungGen      total 1536K, used 1024K [0x00000000ffd00000, 0x0000000100000000, 0x0000000100000000)
  eden space 1024K, 100% used [0x00000000ffd00000,0x00000000ffe00000,0x00000000ffe00000)
  from space 512K, 0% used [0x00000000fff80000,0x00000000fff80000,0x0000000100000000)
  to   space 1024K, 0% used [0x00000000ffe00000,0x00000000ffe00000,0x00000000fff00000)
 ParOldGen       total 7168K, used 6832K [0x00000000ff600000, 0x00000000ffd00000, 0x00000000ffd00000)
  object space 7168K, 95% used [0x00000000ff600000,0x00000000ffcac2e8,0x00000000ffd00000)
 Metaspace       used 12934K, capacity 13232K, committed 13440K, reserved 1060864K
  class space    used 1523K, capacity 1614K, committed 1664K, reserved 1048576K
Event: 4.458 GC heap after
Heap after GC invocations=117 (full 111):
 PSYoungGen      total 1536K, used 1023K [0x00000000ffd00000, 0x0000000100000000, 0x0000000100000000)
  eden space 1024K, 99% used [0x00000000ffd00000,0x00000000ffdffc90,0x00000000ffe00000)
  from space 512K, 0% used [0x00000000fff80000,0x00000000fff80000,0x0000000100000000)
  to   space 1024K, 0% used [0x00000000ffe00000,0x00000000ffe00000,0x00000000fff00000)
 ParOldGen       total 7168K, used 6832K [0x00000000ff600000, 0x00000000ffd00000, 0x00000000ffd00000)
  object space 7168K, 95% used [0x00000000ff600000,0x00000000ffcac2e8,0x00000000ffd00000)
 Metaspace       used 12934K, capacity 13232K, committed 13440K, reserved 1060864K
  class space    used 1523K, capacity 1614K, committed 1664K, reserved 1048576K
}
Event: 4.458 GC heap before
{Heap before GC invocations=118 (full 112):
 PSYoungGen      total 1536K, used 1024K [0x00000000ffd00000, 0x0000000100000000, 0x0000000100000000)
  eden space 1024K, 100% used [0x00000000ffd00000,0x00000000ffe00000,0x00000000ffe00000)
  from space 512K, 0% used [0x00000000fff80000,0x00000000fff80000,0x0000000100000000)
  to   space 1024K, 0% used [0x00000000ffe00000,0x00000000ffe00000,0x00000000fff00000)
 ParOldGen       total 7168K, used 6832K [0x00000000ff600000, 0x00000000ffd00000, 0x00000000ffd00000)
  object space 7168K, 95% used [0x00000000ff600000,0x00000000ffcac2e8,0x00000000ffd00000)
 Metaspace       used 12934K, capacity 13232K, committed 13440K, reserved 1060864K
  class space    used 1523K, capacity 1614K, committed 1664K, reserved 1048576K
Event: 4.477 GC heap after
Heap after GC invocations=118 (full 112):
 PSYoungGen      total 1536K, used 1023K [0x00000000ffd00000, 0x0000000100000000, 0x0000000100000000)
  eden space 1024K, 99% used [0x00000000ffd00000,0x00000000ffdffd60,0x00000000ffe00000)
  from space 512K, 0% used [0x00000000fff80000,0x00000000fff80000,0x0000000100000000)
  to   space 1024K, 0% used [0x00000000ffe00000,0x00000000ffe00000,0x00000000fff00000)
 ParOldGen       total 7168K, used 6832K [0x00000000ff600000, 0x00000000ffd00000, 0x00000000ffd00000)
  object space 7168K, 95% used [0x00000000ff600000,0x00000000ffcac2d0,0x00000000ffd00000)
 Metaspace       used 12934K, capacity 13232K, committed 13440K, reserved 1060864K
  class space    used 1523K, capacity 1614K, committed 1664K, reserved 1048576K
}
Event: 4.478 GC heap before
{Heap before GC invocations=119 (full 113):
 PSYoungGen      total 1536K, used 1024K [0x00000000ffd00000, 0x0000000100000000, 0x0000000100000000)
  eden space 1024K, 100% used [0x00000000ffd00000,0x00000000ffe00000,0x00000000ffe00000)
  from space 512K, 0% used [0x00000000fff80000,0x00000000fff80000,0x0000000100000000)
  to   space 1024K, 0% used [0x00000000ffe00000,0x00000000ffe00000,0x00000000fff00000)
 ParOldGen       total 7168K, used 6832K [0x00000000ff600000, 0x00000000ffd00000, 0x00000000ffd00000)
  object space 7168K, 95% used [0x00000000ff600000,0x00000000ffcac2d0,0x00000000ffd00000)
 Metaspace       used 12934K, capacity 13232K, committed 13440K, reserved 1060864K
  class space    used 1523K, capacity 1614K, committed 1664K, reserved 1048576K
Event: 4.498 GC heap after
Heap after GC invocations=119 (full 113):
 PSYoungGen      total 1536K, used 1023K [0x00000000ffd00000, 0x0000000100000000, 0x0000000100000000)
  eden space 1024K, 99% used [0x00000000ffd00000,0x00000000ffdffea0,0x00000000ffe00000)
  from space 512K, 0% used [0x00000000fff80000,0x00000000fff80000,0x0000000100000000)
  to   space 1024K, 0% used [0x00000000ffe00000,0x00000000ffe00000,0x00000000fff00000)
 ParOldGen       total 7168K, used 6832K [0x00000000ff600000, 0x00000000ffd00000, 0x00000000ffd00000)
  object space 7168K, 95% used [0x00000000ff600000,0x00000000ffcac2b0,0x00000000ffd00000)
 Metaspace       used 12934K, capacity 13232K, committed 13440K, reserved 1060864K
  class space    used 1523K, capacity 1614K, committed 1664K, reserved 1048576K
}

